лада connected
Send list users
19.05 10:25 : лада get message
19.05 10:25 : лада send message
19.05 10:25 : лада get message
19.05 10:25 : лада send message
ff connected
Send list users
Send list users
19.05 10:26 : ff get message
19.05 10:26 : ff send message
19.05 10:26 : ff send message
19.05 10:26 : ff get message
19.05 10:26 : ff send message
19.05 10:26 : ff send message
лада connected
Send list users
19.05 11:03 : лада get message
19.05 11:03 : лада send message
маша connected
Send list users
Send list users
19.05 11:03 : маша get message
19.05 11:03 : маша send message
19.05 11:03 : маша send message
19.05 11:03 : System get message
19.05 11:03 : System send message
19.05 11:03 : System send message
маша deleted
Send list users
19.05 11:04 : System get message
19.05 11:04 : System send message
лада deleted
Аня connected
Send list users
19.05 11:27 : Аня get message
19.05 11:27 : Аня send message
19.05 11:28 : System get message
19.05 11:28 : System send message
Аня deleted
