Лада connected
Send list users
18.05 14:00 : System get message
18.05 14:00 : System send message
18.05 14:00 : Лада get message
18.05 14:00 : Лада send message
Vfvf connected
Send list users
Send list users
18.05 14:02 : System get message
18.05 14:02 : System send message
18.05 14:02 : System send message
18.05 14:02 : Vfvf get message
18.05 14:02 : Vfvf send message
18.05 14:02 : Vfvf send message
18.05 14:02 : Лада get message
18.05 14:02 : Лада send message
18.05 14:02 : Лада send message
name1 connected
Send list users
19.05 08:56 : System get message
19.05 08:56 : System send message
19.05 08:56 : name1 get message
19.05 08:56 : name1 send message
я connected
Send list users
Send list users
19.05 08:56 : System get message
19.05 08:56 : System send message
19.05 08:56 : System send message
19.05 08:56 : я get message
19.05 08:56 : я send message
19.05 08:56 : я send message
Лада connected
Send list users
19.05 10:09 : System get message
19.05 10:09 : System send message
19.05 10:13 : Лада get message
19.05 10:13 : Лада send message
Максим connected
Send list users
Send list users
19.05 10:13 : System get message
19.05 10:13 : System send message
19.05 10:13 : System send message
19.05 10:13 : Максим get message
19.05 10:13 : Максим send message
19.05 10:13 : Максим send message
